<?xml version="1.0" encoding="UTF-8"?>
<testsuite xmlns:xsi="http://www.w3.org/2001/XMLSchema-instance" xsi:noNamespaceSchemaLocation="https://maven.apache.org/surefire/maven-surefire-plugin/xsd/surefire-test-report.xsd" version="3.0.2" name="zebastor.ArRestaurant.ArRestaurantApplicationTests" time="11.045" tests="1" errors="0" skipped="0" failures="0">
  <properties>
[...]
</properties>
  <testcase name="contextLoads" classname="zebastor.ArRestaurant.ArRestaurantApplicationTests" time="0.536">
    <system-out><![CDATA[22:56:32.173 [main] INFO org.springframework.test.context.support.AnnotationConfigContextLoaderUtils -- Could not detect default configuration classes for test class [zebastor.ArRestaurant.ArRestaurantApplicationTests]: ArRestaurantApplicationTests does not declare any static, non-private, non-final, nested classes annotated with @Configuration.
22:56:32.341 [main] INFO org.springframework.boot.test.context.SpringBootTestContextBootstrapper -- Found @SpringBootConfiguration zebastor.ArRestaurant.ArRestaurantApplication for test class zebastor.ArRestaurant.ArRestaurantApplicationTests
22:56:32.539 [main] INFO org.springframework.boot.devtools.restart.RestartApplicationListener -- Restart disabled due to context in which it is running

  .   ____          _            __ _ _
 /\\ / ___'_ __ _ _(_)_ __  __ _ \ \ \ \
( ( )\___ | '_ | '_| | '_ \/ _` | \ \ \ \
 \\/  ___)| |_)| | | | | || (_| |  ) ) ) )
  '  |____| .__|_| |_|_| |_\__, | / / / /
 =========|_|==============|___/=/_/_/_/

 :: Spring Boot ::                (v3.4.1)

2025-01-28T22:56:32.919-05:00  INFO 16596 --- [ArRestaurant] [           main] z.A.ArRestaurantApplicationTests         : Starting ArRestaurantApplicationTests using Java 23 with PID 16596 (started by SEBASTIAN in C:\Users\SEBASTIAN\IdeaProjects\ArRestaurant)
2025-01-28T22:56:32.920-05:00  INFO 16596 --- [ArRestaurant] [           main] z.A.ArRestaurantApplicationTests         : No active profile set, falling back to 1 default profile: "default"
2025-01-28T22:56:33.860-05:00  INFO 16596 --- [ArRestaurant] [           main] .s.d.r.c.RepositoryConfigurationDelegate : Bootstrapping Spring Data JPA repositories in DEFAULT mode.
2025-01-28T22:56:33.942-05:00  INFO 16596 --- [ArRestaurant] [           main] .s.d.r.c.RepositoryConfigurationDelegate : Finished Spring Data repository scanning in 64 ms. Found 3 JPA repository interfaces.
2025-01-28T22:56:34.548-05:00  INFO 16596 --- [ArRestaurant] [           main] o.hibernate.jpa.internal.util.LogHelper  : HHH000204: Processing PersistenceUnitInfo [name: default]
2025-01-28T22:56:34.666-05:00  INFO 16596 --- [ArRestaurant] [           main] org.hibernate.Version                    : HHH000412: Hibernate ORM core version 6.6.4.Final
2025-01-28T22:56:34.715-05:00  INFO 16596 --- [ArRestaurant] [           main] o.h.c.internal.RegionFactoryInitiator    : HHH000026: Second-level cache disabled
2025-01-28T22:56:35.214-05:00  INFO 16596 --- [ArRestaurant] [           main] o.s.o.j.p.SpringPersistenceUnitInfo      : No LoadTimeWeaver setup: ignoring JPA class transformer
2025-01-28T22:56:35.267-05:00  INFO 16596 --- [ArRestaurant] [           main] com.zaxxer.hikari.HikariDataSource       : HikariPool-1 - Starting...
2025-01-28T22:56:38.646-05:00  INFO 16596 --- [ArRestaurant] [           main] com.zaxxer.hikari.pool.HikariPool        : HikariPool-1 - Added connection org.postgresql.jdbc.PgConnection@1bfa3893
2025-01-28T22:56:38.648-05:00  INFO 16596 --- [ArRestaurant] [           main] com.zaxxer.hikari.HikariDataSource       : HikariPool-1 - Start completed.
2025-01-28T22:56:39.082-05:00  INFO 16596 --- [ArRestaurant] [           main] org.hibernate.orm.connections.pooling    : HHH10001005: Database info:
	Database JDBC URL [Connecting through datasource 'HikariDataSource (HikariPool-1)']
	Database driver: undefined/unknown
	Database version: 17.2
	Autocommit mode: undefined/unknown
	Isolation level: undefined/unknown
	Minimum pool size: undefined/unknown
	Maximum pool size: undefined/unknown
2025-01-28T22:56:40.169-05:00  INFO 16596 --- [ArRestaurant] [           main] o.h.e.t.j.p.i.JtaPlatformInitiator       : HHH000489: No JTA platform available (set 'hibernate.transaction.jta.platform' to enable JTA platform integration)
2025-01-28T22:56:40.605-05:00  INFO 16596 --- [ArRestaurant] [           main] j.LocalContainerEntityManagerFactoryBean : Initialized JPA EntityManagerFactory for persistence unit 'default'
2025-01-28T22:56:40.961-05:00  INFO 16596 --- [ArRestaurant] [           main] o.s.d.j.r.query.QueryEnhancerFactory     : Hibernate is in classpath; If applicable, HQL parser will be used.
2025-01-28T22:56:41.980-05:00  WARN 16596 --- [ArRestaurant] [           main] JpaBaseConfiguration$JpaWebConfiguration : spring.jpa.open-in-view is enabled by default. Therefore, database queries may be performed during view rendering. Explicitly configure spring.jpa.open-in-view to disable this warning
2025-01-28T22:56:42.451-05:00  INFO 16596 --- [ArRestaurant] [           main] z.A.ArRestaurantApplicationTests         : Started ArRestaurantApplicationTests in 9.929 seconds (process running for 11.144)
]]></system-out>
    <system-err><![CDATA[Mockito is currently self-attaching to enable the inline-mock-maker. This will no longer work in future releases of the JDK. Please add Mockito as an agent to your build what is described in Mockito's documentation: https://javadoc.io/doc/org.mockito/mockito-core/latest/org/mockito/Mockito.html#0.3
WARNING: A Java agent has been loaded dynamically (C:\Users\SEBASTIAN\.m2\repository\net\bytebuddy\byte-buddy-agent\1.15.11\byte-buddy-agent-1.15.11.jar)
WARNING: If a serviceability tool is in use, please run with -XX:+EnableDynamicAgentLoading to hide this warning
WARNING: If a serviceability tool is not in use, please run with -Djdk.instrument.traceUsage for more information
WARNING: Dynamic loading of agents will be disallowed by default in a future release
]]></system-err>
  </testcase>
</testsuite>